
> greenstar@0.0.0 dev
> vite


  VITE v6.4.1  ready in 402 ms

  ➜  Local:   http://localhost:3000/
  ➜  Network: http://10.20.28.222:3000/
  ➜  Network: http://192.168.43.148:3000/
  ➜  Network: http://172.17.0.1:3000/
  ➜  Network: http://198.18.0.1:3000/
20:11:40 [vite] (client) Pre-transform error: `@theme` blocks must only contain custom properties or `@keyframes`.

  @theme {
>   text-hero: clamp(3rem, 6vw, 6rem);
  }
  
  Plugin: @tailwindcss/vite:generate:serve
  File: /home/whm/Project/greenstar/src/index.css
20:11:41 [vite] Internal server error: `@theme` blocks must only contain custom properties or `@keyframes`.

  @theme {
>   text-hero: clamp(3rem, 6vw, 6rem);
  }
  
  Plugin: @tailwindcss/vite:generate:serve
  File: /home/whm/Project/greenstar/src/index.css
      at file:///home/whm/Project/greenstar/node_modules/tailwindcss/dist/chunk-F4544Y4M.mjs:34:10
      at Cr (file:///home/whm/Project/greenstar/node_modules/tailwindcss/dist/chunk-F4544Y4M.mjs:3:1733)
      at _ (file:///home/whm/Project/greenstar/node_modules/tailwindcss/dist/chunk-F4544Y4M.mjs:3:1377)
      at file:///home/whm/Project/greenstar/node_modules/tailwindcss/dist/chunk-F4544Y4M.mjs:32:7186
      at Cr (file:///home/whm/Project/greenstar/node_modules/tailwindcss/dist/chunk-F4544Y4M.mjs:3:1733)
      at _ (file:///home/whm/Project/greenstar/node_modules/tailwindcss/dist/chunk-F4544Y4M.mjs:3:1377)
      at Zi (file:///home/whm/Project/greenstar/node_modules/tailwindcss/dist/chunk-F4544Y4M.mjs:32:2712)
      at async ua (file:///home/whm/Project/greenstar/node_modules/tailwindcss/dist/chunk-F4544Y4M.mjs:38:631)
      at async yf (file:///home/whm/Project/greenstar/node_modules/tailwindcss/dist/chunk-F4544Y4M.mjs:38:1406)
      at async uu (file:///home/whm/Project/greenstar/node_modules/@tailwindcss/node/dist/index.mjs:10:3457)
      at async B.generate (file:///home/whm/Project/greenstar/node_modules/@tailwindcss/vite/dist/index.mjs:1:5236)
      at async TransformPluginContext.handler (file:///home/whm/Project/greenstar/node_modules/@tailwindcss/vite/dist/index.mjs:1:2718)
      at async EnvironmentPluginContainer.transform (file:///home/whm/Project/greenstar/node_modules/vite/dist/node/chunks/dep-D4NMHUTW.js:42323:18)
      at async loadAndTransform (file:///home/whm/Project/greenstar/node_modules/vite/dist/node/chunks/dep-D4NMHUTW.js:35739:27)
      at async viteTransformMiddleware (file:///home/whm/Project/greenstar/node_modules/vite/dist/node/chunks/dep-D4NMHUTW.js:37254:24)
20:15:31 [vite] (client) hmr update /src/App.tsx, /src/index.css
20:15:49 [vite] (client) hmr update /src/App.tsx, /src/index.css
20:16:08 [vite] (client) hmr update /src/components/ChinaMap.tsx, /src/index.css
20:24:19 [vite] (client) hmr update /src/index.css
20:24:49 [vite] (client) hmr update /src/components/Header.tsx, /src/index.css
20:24:51 [vite] (client) hmr update /src/components/BottomNav.tsx, /src/index.css
20:25:07 [vite] (client) hmr update /src/App.tsx, /src/index.css
20:25:35 [vite] (client) hmr update /src/components/DiscoverCard.tsx, /src/index.css
20:25:35 [vite] (client) hmr update /src/components/CityExplorer.tsx, /src/index.css
20:25:35 [vite] (client) hmr update /src/components/ChinaMap.tsx, /src/index.css
