
> greenstar@0.0.0 dev
> vite --host 0.0.0.0


  VITE v6.4.1  ready in 725 ms

  ➜  Local:   http://localhost:3000/
  ➜  Network: http://10.20.28.222:3000/
  ➜  Network: http://172.17.0.1:3000/
  ➜  Network: http://198.18.0.1:3000/
  ➜  Network: http://172.18.0.1:3000/
  ➜  press h + enter to show help
15:00:36 [vite] (client) hmr update /src/components/TagManagerModal.tsx, /src/index.css
15:02:03 [vite] (client) hmr update /src/index.css
15:03:46 [vite] (client) hmr update /src/components/LoadingOverlay.tsx, /src/index.css
15:04:07 [vite] (client) hmr update /src/index.css
15:07:24 [vite] (client) hmr update /src/index.css
15:07:52 [vite] (client) hmr update /src/components/TagManagerModal.tsx, /src/index.css
15:07:54 [vite] (client) hmr update /src/components/PlanPanel.tsx, /src/index.css
15:31:26 [vite] (client) hmr update /src/index.css, /src/App.tsx, /src/components/CityExplorer.tsx, /src/components/SpotDetail.tsx, /src/components/ChinaMap.tsx
15:31:53 [vite] (client) hmr update /src/index.css, /src/App.tsx, /src/components/CityExplorer.tsx
15:32:27 [vite] (client) hmr update /src/index.css, /src/components/CityExplorer.tsx, /src/components/PlanPanel.tsx
15:32:47 [vite] (client) page reload src/types/index.ts
15:34:00 [vite] (client) hmr update /src/components/PlanPanel.tsx, /src/index.css
15:50:36 [vite] (client) hmr update /src/components/CityExplorer.tsx, /src/index.css
15:59:02 [vite] (client) hmr update /src/index.css, /src/App.tsx, /src/components/CityExplorer.tsx, /src/components/PlanPanel.tsx, /src/components/SpotDetail.tsx, /src/components/ChinaMap.tsx
15:59:55 [vite] (client) page reload src/types/index.ts
17:02:20 [vite] (client) hmr update /src/index.css, /src/App.tsx, /src/components/CityExplorer.tsx, /src/components/PlanPanel.tsx, /src/components/SpotDetail.tsx, /src/componen17:02:20 [vite] 17:02:43 [vite] (client) page reload src/services/recommendEngine.ts
yExplorer.tsx, /src/components/SpotDetail.tsx, /src/components/ChinaMap.tsx
